<?xml version="1.0" encoding="UTF-8"?>
<!-- Generated by org.testng.reporters.JUnitXMLReporter -->
<testsuite ignored="0" hostname="ATUL" failures="0" tests="3" name="Default test" time="74.268" errors="0" timestamp="2023-12-02T20:09:12 IST">
  <testcase classname="com.bookart.testcases.TC_3_Register_SignUp" name="TC_Verify_NavigationFlow_from_HomePage_To_SignupPage" time="10.584"/>
  <testcase classname="com.bookart.testcases.TC_3_Register_SignUp" name="TC_Validating_NavigationOf_SignInpage_from_SignUpPage" time="1.101"/>
  <testcase classname="com.bookart.testcases.TC_3_Register_SignUp" name="TC_Verify_CustomerSignUp_ForAlready_Registered_Customer" time="3.554"/>
</testsuite> <!-- Default test -->
